app/build/intermediates/manifest_merge_blame_file/debug/manifest-merger-blame-debug-report.txt
1<?xml version="1.0" encoding="utf-8"?>
2<manifest xmlns:android="http://schemas.android.com/apk/res/android"
3    package="co.aurasphere.bluepair"
4    android:versionCode="1"
5    android:versionName="1" >
6
7    <uses-sdk
8        android:minSdkVersion="19"
8-->src/main/AndroidManifest.xml
9        android:targetSdkVersion="28" />
9-->src/main/AndroidManifest.xml
10
11    <uses-permission android:name="android.permission.BLUETOOTH_ADMIN" />
11-->src/main/AndroidManifest.xml:5:5-74
11-->src/main/AndroidManifest.xml:5:22-71
12    <uses-permission android:name="android.permission.BLUETOOTH" />
12-->src/main/AndroidManifest.xml:6:5-68
12-->src/main/AndroidManifest.xml:6:22-65
13    <uses-permission android:name="android.permission.ACCESS_COARSE_LOCATION" />
13-->src/main/AndroidManifest.xml:7:5-81
13-->src/main/AndroidManifest.xml:7:22-78
14    <uses-permission android:name="android.permission.ACCESS_FINE_LOCATION" />
14-->[com.github.Jasonchenlijian:FastBle:2.4.0] AndroidManifest.xml:14:5-79
14-->[com.github.Jasonchenlijian:FastBle:2.4.0] AndroidManifest.xml:14:22-76
15
16    <application
16-->src/main/AndroidManifest.xml:9:5-91:19
17        android:name="co.aurasphere.bluepair.MyApplication"
17-->src/main/AndroidManifest.xml:10:9-38
18        android:allowBackup="true"
18-->src/main/AndroidManifest.xml:11:9-35
19        android:appComponentFactory="android.support.v4.app.CoreComponentFactory"
19-->[com.android.support:support-compat:28.0.0] AndroidManifest.xml:22:18-91
20        android:debuggable="true"
21        android:icon="@drawable/water"
21-->src/main/AndroidManifest.xml:12:9-39
22        android:label="@string/app_name"
22-->src/main/AndroidManifest.xml:13:9-41
23        android:supportsRtl="true"
23-->src/main/AndroidManifest.xml:14:9-35
24        android:theme="@style/AppTheme" >
24-->src/main/AndroidManifest.xml:15:9-40
25        <activity
25-->src/main/AndroidManifest.xml:16:9-18:40
26            android:name="co.aurasphere.bluepair.activity.custom.CustomSequanceActivity"
26-->src/main/AndroidManifest.xml:17:13-67
27            android:exported="false" />
27-->src/main/AndroidManifest.xml:18:13-37
28        <activity
28-->src/main/AndroidManifest.xml:19:9-21:40
29            android:name="co.aurasphere.bluepair.activity.BluetoothActivity"
29-->src/main/AndroidManifest.xml:20:13-55
30            android:exported="false" />
30-->src/main/AndroidManifest.xml:21:13-37
31        <activity
31-->src/main/AndroidManifest.xml:22:9-25:40
32            android:name="co.aurasphere.bluepair.activity.CustomDrainActivity"
32-->src/main/AndroidManifest.xml:23:13-57
33            android:exported="false"
33-->src/main/AndroidManifest.xml:25:13-37
34            android:screenOrientation="portrait" />
34-->src/main/AndroidManifest.xml:24:13-49
35        <activity
35-->src/main/AndroidManifest.xml:26:9-30:40
36            android:name="co.aurasphere.bluepair.activity.CustomHeaterTemp"
36-->src/main/AndroidManifest.xml:29:13-54
37            android:exported="false"
37-->src/main/AndroidManifest.xml:30:13-37
38            android:screenOrientation="portrait" />
38-->src/main/AndroidManifest.xml:27:13-49
39        <activity
39-->src/main/AndroidManifest.xml:31:9-34:40
40            android:name="co.aurasphere.bluepair.activity.CustomHeaterActivity"
40-->src/main/AndroidManifest.xml:33:13-58
41            android:exported="false"
41-->src/main/AndroidManifest.xml:34:13-37
42            android:screenOrientation="portrait" />
42-->src/main/AndroidManifest.xml:32:13-49
43        <activity
43-->src/main/AndroidManifest.xml:35:9-38:40
44            android:name="co.aurasphere.bluepair.activity.ShoulderAndWaterFallActivity"
44-->src/main/AndroidManifest.xml:37:13-66
45            android:exported="false"
45-->src/main/AndroidManifest.xml:38:13-37
46            android:screenOrientation="portrait" />
46-->src/main/AndroidManifest.xml:36:13-49
47        <activity
47-->src/main/AndroidManifest.xml:39:9-42:40
48            android:name="co.aurasphere.bluepair.activity.CascadeSetOrderActivity"
48-->src/main/AndroidManifest.xml:41:13-61
49            android:exported="false"
49-->src/main/AndroidManifest.xml:42:13-37
50            android:screenOrientation="portrait" />
50-->src/main/AndroidManifest.xml:40:13-49
51        <activity
51-->src/main/AndroidManifest.xml:43:9-46:40
52            android:name="co.aurasphere.bluepair.activity.CustomHydroMassage"
52-->src/main/AndroidManifest.xml:45:13-56
53            android:exported="false"
53-->src/main/AndroidManifest.xml:46:13-37
54            android:screenOrientation="portrait" />
54-->src/main/AndroidManifest.xml:44:13-49
55        <activity
55-->src/main/AndroidManifest.xml:47:9-50:40
56            android:name="co.aurasphere.bluepair.activity.HydroMessage"
56-->src/main/AndroidManifest.xml:49:13-50
57            android:exported="false"
57-->src/main/AndroidManifest.xml:50:13-37
58            android:screenOrientation="portrait" />
58-->src/main/AndroidManifest.xml:48:13-49
59        <activity
59-->src/main/AndroidManifest.xml:51:9-54:40
60            android:name="co.aurasphere.bluepair.activity.DefaultMessageActivty"
60-->src/main/AndroidManifest.xml:53:13-59
61            android:exported="false"
61-->src/main/AndroidManifest.xml:54:13-37
62            android:screenOrientation="portrait" />
62-->src/main/AndroidManifest.xml:52:13-49
63        <activity
63-->src/main/AndroidManifest.xml:55:9-58:40
64            android:name="co.aurasphere.bluepair.activity.CustomMassageActivity"
64-->src/main/AndroidManifest.xml:57:13-59
65            android:exported="false"
65-->src/main/AndroidManifest.xml:58:13-37
66            android:screenOrientation="portrait" />
66-->src/main/AndroidManifest.xml:56:13-49
67        <activity
67-->src/main/AndroidManifest.xml:59:9-70:20
68            android:name="co.aurasphere.bluepair.activity.HomePageActivity"
68-->src/main/AndroidManifest.xml:61:13-54
69            android:exported="true"
69-->src/main/AndroidManifest.xml:62:13-36
70            android:screenOrientation="portrait" >
70-->src/main/AndroidManifest.xml:60:13-49
71            <intent-filter>
71-->src/main/AndroidManifest.xml:64:13-68:29
72                <action android:name="android.intent.action.MAIN" />
72-->src/main/AndroidManifest.xml:65:17-69
72-->src/main/AndroidManifest.xml:65:25-66
73
74                <category android:name="android.intent.category.LAUNCHER" />
74-->src/main/AndroidManifest.xml:67:17-77
74-->src/main/AndroidManifest.xml:67:27-74
75            </intent-filter>
76        </activity>
77        <activity
77-->src/main/AndroidManifest.xml:71:9-74:40
78            android:name="co.aurasphere.bluepair.activity.DefalutActivity"
78-->src/main/AndroidManifest.xml:73:13-53
79            android:exported="false"
79-->src/main/AndroidManifest.xml:74:13-37
80            android:screenOrientation="portrait" />
80-->src/main/AndroidManifest.xml:72:13-49
81        <activity
81-->src/main/AndroidManifest.xml:75:9-78:40
82            android:name="co.aurasphere.bluepair.activity.CustomActivity"
82-->src/main/AndroidManifest.xml:77:13-52
83            android:exported="false"
83-->src/main/AndroidManifest.xml:78:13-37
84            android:screenOrientation="portrait" />
84-->src/main/AndroidManifest.xml:76:13-49
85        <activity
85-->src/main/AndroidManifest.xml:79:9-87:20
86            android:name="co.aurasphere.bluepair.MainActivity"
86-->src/main/AndroidManifest.xml:81:13-41
87            android:configChanges="orientation|screenSize"
87-->src/main/AndroidManifest.xml:82:13-59
88            android:label="@string/app_name"
88-->src/main/AndroidManifest.xml:83:13-45
89            android:screenOrientation="portrait"
89-->src/main/AndroidManifest.xml:80:13-49
90            android:theme="@style/AppTheme.Launcher" >
90-->src/main/AndroidManifest.xml:84:13-53
91        </activity>
92        <activity
92-->src/main/AndroidManifest.xml:88:9-90:59
93            android:name="co.aurasphere.bluepair.operation.OperationActivity"
93-->src/main/AndroidManifest.xml:90:13-56
94            android:screenOrientation="portrait" />
94-->src/main/AndroidManifest.xml:89:13-49
95    </application>
96
97</manifest>